  main.c
E:\Repository\CalculationAndGraphicWork\CalculationAndGraphicWork\consolemath.h(6,2): error C2365: Chord: переопределение; предыдущим определением было "функция"
  (компиляция исходного файла "main.c")
      E:\Windows Kits\10\Include\10.0.26100.0\um\wingdi.h(3866,25):
       см. объявление "Chord"
  
E:\Repository\CalculationAndGraphicWork\CalculationAndGraphicWork\consolemath.h(6,2): error C2086: EquationSolvingMethods Chord: переопределение
  (компиляция исходного файла "main.c")
      E:\Repository\CalculationAndGraphicWork\CalculationAndGraphicWork\consolemath.h(6,2):
       см. объявление "Chord"
  
E:\Repository\CalculationAndGraphicWork\CalculationAndGraphicWork\consolemath.h(11,2): error C2365: Rectangle: переопределение; предыдущим определением было "функция"
  (компиляция исходного файла "main.c")
      E:\Windows Kits\10\Include\10.0.26100.0\um\wingdi.h(4639,24):
       см. объявление "Rectangle"
  
E:\Repository\CalculationAndGraphicWork\CalculationAndGraphicWork\consolemath.h(11,2): error C2086: IntegralSolvingMethods Rectangle: переопределение
  (компиляция исходного файла "main.c")
      E:\Repository\CalculationAndGraphicWork\CalculationAndGraphicWork\consolemath.h(11,2):
       см. объявление "Rectangle"
  
E:\Repository\CalculationAndGraphicWork\CalculationAndGraphicWork\consolemath.h(17,44): error C2146: синтаксическая ошибка: отсутствие ")" перед идентификатором "solvingMethod"
  (компиляция исходного файла "main.c")
  
E:\Repository\CalculationAndGraphicWork\CalculationAndGraphicWork\consolemath.h(17,44): error C2061: синтаксическая ошибка: идентификатор "solvingMethod"
  (компиляция исходного файла "main.c")
  
E:\Repository\CalculationAndGraphicWork\CalculationAndGraphicWork\consolemath.h(17,44): error C2059: синтаксическая ошибка: ;
  (компиляция исходного файла "main.c")
  
E:\Repository\CalculationAndGraphicWork\CalculationAndGraphicWork\consolemath.h(17,57): error C2059: синтаксическая ошибка: )
  (компиляция исходного файла "main.c")
  
E:\Repository\CalculationAndGraphicWork\CalculationAndGraphicWork\consolemath.h(18,44): error C2146: синтаксическая ошибка: отсутствие ")" перед идентификатором "solvingMethod"
  (компиляция исходного файла "main.c")
  
E:\Repository\CalculationAndGraphicWork\CalculationAndGraphicWork\consolemath.h(18,44): error C2061: синтаксическая ошибка: идентификатор "solvingMethod"
  (компиляция исходного файла "main.c")
  
E:\Repository\CalculationAndGraphicWork\CalculationAndGraphicWork\consolemath.h(18,44): error C2059: синтаксическая ошибка: ;
  (компиляция исходного файла "main.c")
  
E:\Repository\CalculationAndGraphicWork\CalculationAndGraphicWork\consolemath.h(18,57): error C2059: синтаксическая ошибка: )
  (компиляция исходного файла "main.c")
  
E:\Repository\CalculationAndGraphicWork\CalculationAndGraphicWork\main.c(146,17): warning C4554: "&": проверьте приоритет операторов на ошибки; для уточнения приоритета используйте скобки
E:\Repository\CalculationAndGraphicWork\CalculationAndGraphicWork\main.c(151,17): warning C4554: "&": проверьте приоритет операторов на ошибки; для уточнения приоритета используйте скобки
E:\Repository\CalculationAndGraphicWork\CalculationAndGraphicWork\main.c(214,19): warning C4267: инициализация: преобразование из "size_t" в "int"; возможна потеря данных
